::1 - OPTIONS /vwok/teammate HTTP/1.1 200 2 - 2.283 ms
::1 - OPTIONS /vwok/woklist?uid=f4fb6480-2bd0-11eb-95e3-f54fb34fd803&currentPage=1&limit=13 HTTP/1.1 200 2 - 0.272 ms
::1 - GET /vwok/teammate HTTP/1.1 304 - - 21.724 ms
::1 - GET /vwok/woklist?uid=f4fb6480-2bd0-11eb-95e3-f54fb34fd803&currentPage=1&limit=13 HTTP/1.1 304 - - 21.144 ms
OPTIONS /vwok/teammate 200 2 - 2.091 ms
OPTIONS /vwok/woklist?uid=f4fb6480-2bd0-11eb-95e3-f54fb34fd803&currentPage=1&limit=13 200 2 - 0.297 ms
GET /vwok/teammate 304 - - 154.341 ms
GET /vwok/woklist?uid=f4fb6480-2bd0-11eb-95e3-f54fb34fd803&currentPage=1&limit=13 304 - - 160.474 ms
OPTIONS /user/tokenlogin 200 2 - 3.526 ms
POST /user/tokenlogin 200 286 - 25.127 ms
OPTIONS /vwok/teammate 200 2 - 0.452 ms
OPTIONS /vwok/woklist?uid=f4fb6480-2bd0-11eb-95e3-f54fb34fd803&currentPage=1&limit=13 200 2 - 0.327 ms
GET /vwok/teammate 304 - - 17.476 ms
GET /vwok/woklist?uid=f4fb6480-2bd0-11eb-95e3-f54fb34fd803&currentPage=1&limit=13 304 - - 15.375 ms
OPTIONS /vwok/item/getitem?vwok_id=22bbda10-4587-11eb-89f0-d93442742f19 200 2 - 0.253 ms
GET /vwok/item/getitem?vwok_id=22bbda10-4587-11eb-89f0-d93442742f19 304 - - 56.918 ms
OPTIONS /vwok/item/getitem?vwok_id=14cfa9b0-bc63-11eb-9739-fd1f7cca7736 200 2 - 0.532 ms
GET /vwok/item/getitem?vwok_id=14cfa9b0-bc63-11eb-9739-fd1f7cca7736 304 - - 16.706 ms
OPTIONS /vwok/create 200 2 - 0.240 ms
POST /vwok/create 200 39 - 569.909 ms
OPTIONS /vwok/woklist?uid=f4fb6480-2bd0-11eb-95e3-f54fb34fd803&currentPage=1&limit=16 200 2 - 0.193 ms
GET /vwok/woklist?uid=f4fb6480-2bd0-11eb-95e3-f54fb34fd803&currentPage=1&limit=16 200 5454 - 47.293 ms
OPTIONS /vwok/item/getitem?vwok_id=309b6240-d3d0-11eb-b9d8-496456afde9d 200 2 - 0.356 ms
GET /vwok/item/getitem?vwok_id=309b6240-d3d0-11eb-b9d8-496456afde9d 200 24 - 22.294 ms
OPTIONS /vwok/item/getitem?vwok_id=22bbda10-4587-11eb-89f0-d93442742f19 200 2 - 0.236 ms
GET /vwok/item/getitem?vwok_id=22bbda10-4587-11eb-89f0-d93442742f19 304 - - 80.735 ms
GET /vwok/item/getitem?vwok_id=309b6240-d3d0-11eb-b9d8-496456afde9d 304 - - 16.273 ms
OPTIONS /vwok/teammate 200 2 - 0.190 ms
OPTIONS /vwok/woklist?uid=f4fb6480-2bd0-11eb-95e3-f54fb34fd803&currentPage=1&limit=13 200 2 - 0.190 ms
GET /vwok/teammate 304 - - 21.320 ms
GET /vwok/woklist?uid=f4fb6480-2bd0-11eb-95e3-f54fb34fd803&currentPage=1&limit=13 200 4452 - 36.943 ms
GET /vwok/item/getitem?vwok_id=309b6240-d3d0-11eb-b9d8-496456afde9d 304 - - 17.242 ms
OPTIONS /vwok/create 200 2 - 0.181 ms
POST /vwok/create 200 39 - 338.882 ms
OPTIONS /vwok/woklist?uid=f4fb6480-2bd0-11eb-95e3-f54fb34fd803&currentPage=1&limit=16 200 2 - 0.266 ms
GET /vwok/woklist?uid=f4fb6480-2bd0-11eb-95e3-f54fb34fd803&currentPage=1&limit=16 200 5440 - 18.103 ms
OPTIONS /vwok/teammate 200 2 - 0.239 ms
GET /vwok/teammate 304 - - 94.204 ms
GET /vwok/teammate 304 - - 8.481 ms
OPTIONS /vwok/woklist?uid=f4fb6480-2bd0-11eb-95e3-f54fb34fd803&currentPage=1&limit=13 200 2 - 0.221 ms
GET /vwok/woklist?uid=f4fb6480-2bd0-11eb-95e3-f54fb34fd803&currentPage=1&limit=13 200 4438 - 132.281 ms
OPTIONS /vwok/teammate 200 2 - 0.278 ms
GET /vwok/teammate 304 - - 86.009 ms
OPTIONS /vwok/teammate 200 2 - 0.186 ms
OPTIONS /vwok/woklist?uid=f4fb6480-2bd0-11eb-95e3-f54fb34fd803&currentPage=1&limit=13 200 2 - 0.184 ms
GET /vwok/teammate 304 - - 96.004 ms
GET /vwok/woklist?uid=f4fb6480-2bd0-11eb-95e3-f54fb34fd803&currentPage=1&limit=13 304 - - 93.834 ms
OPTIONS /vwok/teammate 200 2 - 0.208 ms
GET /vwok/teammate 304 - - 70.806 ms
OPTIONS /vwok/woklist?uid=f4fb6480-2bd0-11eb-95e3-f54fb34fd803&currentPage=1&limit=13 200 2 - 0.261 ms
GET /vwok/teammate 304 - - 11.272 ms
GET /vwok/woklist?uid=f4fb6480-2bd0-11eb-95e3-f54fb34fd803&currentPage=1&limit=13 304 - - 21.036 ms
OPTIONS /vwok/item/todayvwok?uid=f4fb6480-2bd0-11eb-95e3-f54fb34fd803 200 2 - 0.241 ms
GET /vwok/item/todayvwok?uid=f4fb6480-2bd0-11eb-95e3-f54fb34fd803 200 93 - 18.947 ms
OPTIONS /vwok/teammate 200 2 - 0.229 ms
GET /vwok/teammate 304 - - 114.691 ms
OPTIONS /vwok/teammate 200 2 - 0.258 ms
GET /vwok/teammate 304 - - 100.750 ms
OPTIONS /vwok/teammate 200 2 - 0.186 ms
GET /vwok/teammate 304 - - 541.115 ms
OPTIONS /vwok/woklist?uid=f4fb6480-2bd0-11eb-95e3-f54fb34fd803&currentPage=1&limit=13 200 2 - 0.260 ms
GET /vwok/woklist?uid=f4fb6480-2bd0-11eb-95e3-f54fb34fd803&currentPage=1&limit=13 304 - - 78.283 ms
GET /vwok/teammate 304 - - 245.758 ms
OPTIONS /vwok/teammate 200 2 - 0.189 ms
GET /vwok/teammate 304 - - 88.818 ms
GET /vwok/teammate 304 - - 8.903 ms
OPTIONS /vwok/woklist?uid=f4fb6480-2bd0-11eb-95e3-f54fb34fd803&currentPage=1&limit=13 200 2 - 0.264 ms
GET /vwok/woklist?uid=f4fb6480-2bd0-11eb-95e3-f54fb34fd803&currentPage=1&limit=13 304 - - 138.904 ms
OPTIONS /vwok/teammate 200 2 - 0.303 ms
GET /vwok/teammate 304 - - 79.820 ms
GET /vwok/teammate 304 - - 9.713 ms
GET /vwok/teammate 304 - - 15.278 ms
OPTIONS /vwok/woklist?uid=f4fb6480-2bd0-11eb-95e3-f54fb34fd803&currentPage=1&limit=13 200 2 - 0.248 ms
GET /vwok/woklist?uid=f4fb6480-2bd0-11eb-95e3-f54fb34fd803&currentPage=1&limit=13 304 - - 18.871 ms
OPTIONS /vwok/teammate 200 2 - 0.238 ms
OPTIONS /vwok/woklist?uid=f4fb6480-2bd0-11eb-95e3-f54fb34fd803&currentPage=1&limit=13 200 2 - 0.181 ms
GET /vwok/teammate 304 - - 78.426 ms
GET /vwok/woklist?uid=f4fb6480-2bd0-11eb-95e3-f54fb34fd803&currentPage=1&limit=13 304 - - 61.674 ms
OPTIONS /vwok/teammate 200 2 - 0.217 ms
GET /vwok/teammate 304 - - 81.192 ms
GET /vwok/teammate 304 - - 12.384 ms
OPTIONS /vwok/woklist?uid=f4fb6480-2bd0-11eb-95e3-f54fb34fd803&currentPage=1&limit=13 200 2 - 0.187 ms
GET /vwok/woklist?uid=f4fb6480-2bd0-11eb-95e3-f54fb34fd803&currentPage=1&limit=13 304 - - 24.548 ms
OPTIONS /vwok/teammate 200 2 - 0.218 ms
GET /vwok/teammate 304 - - 70.249 ms
OPTIONS /vwok/teammate 200 2 - 2.889 ms
OPTIONS /vwok/woklist?uid=f4fb6480-2bd0-11eb-95e3-f54fb34fd803&currentPage=1&limit=13 200 2 - 0.308 ms
GET /vwok/teammate 304 - - 28.366 ms
GET /vwok/woklist?uid=f4fb6480-2bd0-11eb-95e3-f54fb34fd803&currentPage=1&limit=13 304 - - 17.562 ms
OPTIONS /vwok/create 200 2 - 0.484 ms
POST /vwok/create 200 39 - 71.795 ms
OPTIONS /vwok/woklist?uid=f4fb6480-2bd0-11eb-95e3-f54fb34fd803&currentPage=1&limit=16 200 2 - 0.418 ms
GET /vwok/woklist?uid=f4fb6480-2bd0-11eb-95e3-f54fb34fd803&currentPage=1&limit=16 200 5464 - 18.892 ms
OPTIONS /vwok/teammate 200 2 - 0.291 ms
GET /vwok/teammate 304 - - 12.295 ms
OPTIONS /vwok/woklist?uid=f4fb6480-2bd0-11eb-95e3-f54fb34fd803&currentPage=1&limit=13 200 2 - 0.296 ms
GET /vwok/woklist?uid=f4fb6480-2bd0-11eb-95e3-f54fb34fd803&currentPage=1&limit=13 200 4462 - 13.231 ms
OPTIONS /vwok/item/getitem?vwok_id=6e7d7240-d3d2-11eb-aa98-9b5f9b076f13 200 2 - 0.528 ms
GET /vwok/item/getitem?vwok_id=6e7d7240-d3d2-11eb-aa98-9b5f9b076f13 200 24 - 43.819 ms
OPTIONS /vwok/create 200 2 - 0.232 ms
POST /vwok/create 200 39 - 336.565 ms
OPTIONS /vwok/woklist?uid=f4fb6480-2bd0-11eb-95e3-f54fb34fd803&currentPage=1&limit=16 200 2 - 0.210 ms
POST /vwok/create 200 39 - 4991.366 ms
GET /vwok/woklist?uid=f4fb6480-2bd0-11eb-95e3-f54fb34fd803&currentPage=1&limit=16 200 5526 - 17.152 ms
OPTIONS /vwok/teammate 200 2 - 0.246 ms
GET /vwok/teammate 304 - - 264.347 ms
GET /vwok/teammate 304 - - 13.668 ms
OPTIONS /vwok/woklist?uid=f4fb6480-2bd0-11eb-95e3-f54fb34fd803&currentPage=1&limit=13 200 2 - 0.204 ms
GET /vwok/woklist?uid=f4fb6480-2bd0-11eb-95e3-f54fb34fd803&currentPage=1&limit=13 200 4502 - 25.499 ms
OPTIONS /vwok/create 200 2 - 0.208 ms
POST /vwok/create 200 39 - 323.412 ms
OPTIONS /vwok/woklist?uid=f4fb6480-2bd0-11eb-95e3-f54fb34fd803&currentPage=1&limit=16 200 2 - 0.639 ms
GET /vwok/woklist?uid=f4fb6480-2bd0-11eb-95e3-f54fb34fd803&currentPage=1&limit=16 200 5512 - 17.680 ms
OPTIONS /vwok/teammate 200 2 - 3.086 ms
OPTIONS /vwok/woklist?uid=f4fb6480-2bd0-11eb-95e3-f54fb34fd803&currentPage=1&limit=13 200 2 - 0.314 ms
GET /vwok/teammate 304 - - 35.021 ms
GET /vwok/woklist?uid=f4fb6480-2bd0-11eb-95e3-f54fb34fd803&currentPage=1&limit=13 200 4483 - 21.633 ms
OPTIONS /vwok/item/getitem?vwok_id=ea94df30-d3d2-11eb-aa98-9b5f9b076f13 200 2 - 0.286 ms
GET /vwok/item/getitem?vwok_id=ea94df30-d3d2-11eb-aa98-9b5f9b076f13 200 24 - 19.648 ms
OPTIONS /vwok/end/vwok 200 2 - 0.242 ms
POST /vwok/end/vwok 200 3460 - 120.641 ms
OPTIONS /vwok/create 200 2 - 0.318 ms
POST /vwok/create 200 39 - 11.544 ms
OPTIONS /vwok/teammate 200 2 - 0.451 ms
OPTIONS /vwok/woklist?uid=f4fb6480-2bd0-11eb-95e3-f54fb34fd803&currentPage=1&limit=13 200 2 - 0.355 ms
GET /vwok/teammate 304 - - 2870.834 ms
OPTIONS /vwok/teammate 200 2 - 2.860 ms
GET /vwok/teammate 304 - - 27.254 ms
GET /vwok/woklist?uid=f4fb6480-2bd0-11eb-95e3-f54fb34fd803&currentPage=1&limit=13 200 4502 - 25.353 ms
OPTIONS /vwok/create 200 2 - 0.273 ms
POST /vwok/create 200 39 - 382.180 ms
OPTIONS /vwok/woklist?uid=f4fb6480-2bd0-11eb-95e3-f54fb34fd803&currentPage=1&limit=16 200 2 - 0.216 ms
GET /vwok/woklist?uid=f4fb6480-2bd0-11eb-95e3-f54fb34fd803&currentPage=1&limit=16 200 5562 - 16.687 ms
OPTIONS /vwok/item/getitem?vwok_id=98679450-d3d2-11eb-aa98-9b5f9b076f13 200 2 - 0.275 ms
GET /vwok/item/getitem?vwok_id=98679450-d3d2-11eb-aa98-9b5f9b076f13 200 24 - 19.363 ms
OPTIONS /vwok/item/getitem?vwok_id=2ff1fb80-d3d3-11eb-8e3c-ff7b4e9ab016 200 2 - 0.748 ms
GET /vwok/item/getitem?vwok_id=2ff1fb80-d3d3-11eb-8e3c-ff7b4e9ab016 200 24 - 12.716 ms
OPTIONS /vwok/teammate 200 2 - 0.428 ms
GET /vwok/teammate 304 - - 1121.398 ms
OPTIONS /vwok/teammate 200 2 - 0.289 ms
GET /vwok/teammate 304 - - 88.053 ms
OPTIONS /vwok/teammate 200 2 - 0.313 ms
OPTIONS /vwok/woklist?uid=f4fb6480-2bd0-11eb-95e3-f54fb34fd803&currentPage=1&limit=13 200 2 - 0.311 ms
GET /vwok/teammate 304 - - 55.374 ms
GET /vwok/woklist?uid=f4fb6480-2bd0-11eb-95e3-f54fb34fd803&currentPage=1&limit=13 200 4533 - 47.942 ms
OPTIONS /vwok/create 200 2 - 0.223 ms
POST /vwok/create 200 39 - 343.731 ms
OPTIONS /vwok/woklist?uid=f4fb6480-2bd0-11eb-95e3-f54fb34fd803&currentPage=1&limit=16 200 2 - 0.211 ms
GET /vwok/woklist?uid=f4fb6480-2bd0-11eb-95e3-f54fb34fd803&currentPage=1&limit=16 200 5590 - 17.758 ms
OPTIONS /vwok/item/getitem?vwok_id=c07c64b0-d3d3-11eb-8e3c-ff7b4e9ab016 200 2 - 0.237 ms
GET /vwok/item/getitem?vwok_id=c07c64b0-d3d3-11eb-8e3c-ff7b4e9ab016 200 24 - 128.318 ms
OPTIONS /vwok/item/getitem?vwok_id=2ff1fb80-d3d3-11eb-8e3c-ff7b4e9ab016 200 2 - 0.277 ms
GET /vwok/item/getitem?vwok_id=2ff1fb80-d3d3-11eb-8e3c-ff7b4e9ab016 304 - - 14.976 ms
OPTIONS /vwok/teammate 200 2 - 0.223 ms
OPTIONS /vwok/woklist?uid=f4fb6480-2bd0-11eb-95e3-f54fb34fd803&currentPage=1&limit=13 200 2 - 0.207 ms
GET /vwok/teammate 304 - - 18.998 ms
GET /vwok/woklist?uid=f4fb6480-2bd0-11eb-95e3-f54fb34fd803&currentPage=1&limit=13 200 4548 - 502.565 ms
OPTIONS /vwok/item/getitem?vwok_id=2ff1fb80-d3d3-11eb-8e3c-ff7b4e9ab016 200 2 - 0.834 ms
GET /vwok/item/getitem?vwok_id=2ff1fb80-d3d3-11eb-8e3c-ff7b4e9ab016 304 - - 16.285 ms
OPTIONS /vwok/item/getitem?vwok_id=98679450-d3d2-11eb-aa98-9b5f9b076f13 200 2 - 0.280 ms
GET /vwok/item/getitem?vwok_id=98679450-d3d2-11eb-aa98-9b5f9b076f13 304 - - 12.356 ms
OPTIONS /vwok/item/getitem?vwok_id=c07c64b0-d3d3-11eb-8e3c-ff7b4e9ab016 200 2 - 0.219 ms
GET /vwok/item/getitem?vwok_id=c07c64b0-d3d3-11eb-8e3c-ff7b4e9ab016 304 - - 14.991 ms
OPTIONS /vwok/item/create 200 2 - 0.200 ms
POST /vwok/item/create 200 410 - 328.608 ms
OPTIONS /vwok/item/update 200 2 - 0.314 ms
POST /vwok/item/update 200 410 - 379.543 ms
POST /vwok/item/update 200 408 - 585.943 ms
OPTIONS /vwok/item/update 200 2 - 0.200 ms
POST /vwok/item/update 200 410 - 373.106 ms
POST /vwok/item/update 200 410 - 309.904 ms
POST /vwok/item/update 200 412 - 606.900 ms
OPTIONS /vwok/item/update 200 2 - 0.208 ms
POST /vwok/item/update 200 412 - 1870.050 ms
OPTIONS /vwok/item/getitem?vwok_id=2ff1fb80-d3d3-11eb-8e3c-ff7b4e9ab016 200 2 - 0.197 ms
GET /vwok/item/getitem?vwok_id=2ff1fb80-d3d3-11eb-8e3c-ff7b4e9ab016 304 - - 11.932 ms
OPTIONS /vwok/item/getitem?vwok_id=98679450-d3d2-11eb-aa98-9b5f9b076f13 200 2 - 0.235 ms
GET /vwok/item/getitem?vwok_id=98679450-d3d2-11eb-aa98-9b5f9b076f13 304 - - 41.055 ms
GET /vwok/item/getitem?vwok_id=2ff1fb80-d3d3-11eb-8e3c-ff7b4e9ab016 304 - - 23.546 ms
OPTIONS /vwok/item/getitem?vwok_id=c07c64b0-d3d3-11eb-8e3c-ff7b4e9ab016 200 2 - 0.335 ms
GET /vwok/item/getitem?vwok_id=c07c64b0-d3d3-11eb-8e3c-ff7b4e9ab016 200 412 - 15.060 ms
OPTIONS /vwok/teammate 200 2 - 0.205 ms
OPTIONS /vwok/woklist?uid=f4fb6480-2bd0-11eb-95e3-f54fb34fd803&currentPage=1&limit=13 200 2 - 0.252 ms
GET /apidoc/ 200 29292 - 98.451 ms
GET /apidoc/vendor/prism.css 200 1957 - 5.005 ms
GET /apidoc/css/style.css 200 9821 - 5.759 ms
GET /apidoc/vendor/bootstrap.min.css 200 121457 - 3.087 ms
GET /apidoc/vendor/polyfill.js 200 2900 - 2.617 ms
GET /apidoc/vendor/require.min.js 200 15825 - 2.359 ms
GET /apidoc/main.js 200 32803 - 1.472 ms
GET /apidoc/img/favicon.ico 200 894 - 9.465 ms
GET /apidoc/api_project.js?v=1624419336094 200 526 - 2.221 ms
GET /apidoc/vendor/lodash.custom.min.js?v=1624419336094 200 20022 - 4.625 ms
GET /apidoc/locales/locale.js?v=1624419336094 200 1249 - 4.635 ms
GET /apidoc/api_data.js?v=1624419336094 200 18226 - 4.482 ms
GET /apidoc/utils/send_sample_request.js?v=1624419336094 200 10211 - 5.925 ms
GET /apidoc/vendor/jquery.min.js?v=1624419336094 200 89476 - 7.999 ms
GET /apidoc/vendor/semver.min.js?v=1624419336094 200 12950 - 4.305 ms
GET /apidoc/vendor/webfontloader.js?v=1624419336094 200 12492 - 7.075 ms
GET /apidoc/vendor/path-to-regexp/index.js?v=1624419336094 200 5147 - 6.767 ms
GET /apidoc/vendor/list.min.js?v=1624419336094 200 15952 - 7.657 ms
GET /apidoc/vendor/prism.js?v=1624419336094 200 42163 - 10.067 ms
GET /apidoc/vendor/handlebars.min.js?v=1624419336094 200 80257 - 10.043 ms
GET /apidoc/locales/ca.js?v=1624419336094 200 1225 - 8.385 ms
GET /apidoc/locales/cs.js?v=1624419336094 200 1246 - 9.452 ms
GET /apidoc/locales/de.js?v=1624419336094 200 1234 - 8.622 ms
GET /apidoc/locales/es.js?v=1624419336094 200 1244 - 8.828 ms
GET /apidoc/locales/fr.js?v=1624419336094 200 1264 - 8.688 ms
GET /apidoc/locales/it.js?v=1624419336094 200 1249 - 8.817 ms
GET /apidoc/locales/nl.js?v=1624419336094 200 1241 - 7.216 ms
GET /apidoc/locales/pl.js?v=1624419336094 200 1226 - 7.238 ms
GET /apidoc/locales/pt_br.js?v=1624419336094 200 1236 - 10.115 ms
GET /apidoc/locales/ro.js?v=1624419336094 200 1238 - 9.339 ms
GET /apidoc/locales/ru.js?v=1624419336094 200 1481 - 10.355 ms
GET /apidoc/locales/tr.js?v=1624419336094 200 1246 - 10.998 ms
GET /apidoc/locales/vi.js?v=1624419336094 200 1328 - 9.972 ms
GET /apidoc/locales/zh.js?v=1624419336094 200 1157 - 9.853 ms
GET /apidoc/locales/zh_cn.js?v=1624419336094 200 1292 - 10.730 ms
GET /apidoc/vendor/bootstrap.min.js?v=1624419336094 200 39680 - 10.200 ms
GET /apidoc/utils/send_sample_request_utils.js?v=1624419336094 200 3356 - 7.438 ms
GET /apidoc/utils/handlebars_helper.js?v=1624419336094 200 10752 - 4.507 ms
GET /apidoc/vendor/diff_match_patch.min.js?v=1624419336094 200 19192 - 0.931 ms
OPTIONS /vwok/teammate 200 2 - 0.248 ms
OPTIONS /vwok/woklist?uid=f4fb6480-2bd0-11eb-95e3-f54fb34fd803&currentPage=1&limit=13 200 2 - 0.360 ms
GET /vwok/teammate 304 - - 102.176 ms
GET /vwok/woklist?uid=f4fb6480-2bd0-11eb-95e3-f54fb34fd803&currentPage=1&limit=13 200 4548 - 335.986 ms
OPTIONS /vwok/teammate 200 2 - 0.194 ms
GET /vwok/teammate 304 - - 12.364 ms
OPTIONS /vwok/woklist?uid=f4fb6480-2bd0-11eb-95e3-f54fb34fd803&currentPage=1&limit=13 200 2 - 0.297 ms
GET /vwok/teammate 304 - - 12.451 ms
GET /vwok/woklist?uid=f4fb6480-2bd0-11eb-95e3-f54fb34fd803&currentPage=1&limit=13 304 - - 14.560 ms
OPTIONS /vwok/item/getitem?vwok_id=2ff1fb80-d3d3-11eb-8e3c-ff7b4e9ab016 200 2 - 0.184 ms
GET /vwok/item/getitem?vwok_id=2ff1fb80-d3d3-11eb-8e3c-ff7b4e9ab016 304 - - 101.072 ms
OPTIONS /vwok/item/getitem?vwok_id=98679450-d3d2-11eb-aa98-9b5f9b076f13 200 2 - 0.336 ms
GET /vwok/item/getitem?vwok_id=98679450-d3d2-11eb-aa98-9b5f9b076f13 304 - - 42.588 ms
OPTIONS /vwok/item/getitem?vwok_id=c07c64b0-d3d3-11eb-8e3c-ff7b4e9ab016 200 2 - 0.207 ms
GET /vwok/item/getitem?vwok_id=c07c64b0-d3d3-11eb-8e3c-ff7b4e9ab016 304 - - 248.358 ms
OPTIONS /vwok/item/todayvwok?uid=f4fb6480-2bd0-11eb-95e3-f54fb34fd803 200 2 - 0.184 ms
GET /vwok/item/todayvwok?uid=f4fb6480-2bd0-11eb-95e3-f54fb34fd803 200 481 - 15.934 ms
GET /vwok/item/getitem?vwok_id=c07c64b0-d3d3-11eb-8e3c-ff7b4e9ab016 304 - - 11.969 ms
GET /vwok/item/todayvwok?uid=f4fb6480-2bd0-11eb-95e3-f54fb34fd803 304 - - 21.257 ms
OPTIONS /vwok/item/update/today 200 2 - 0.206 ms
POST /vwok/item/update/today 200 481 - 169.225 ms
OPTIONS /vwok/item/getitem?vwok_id=98679450-d3d2-11eb-aa98-9b5f9b076f13 200 2 - 0.216 ms
GET /vwok/item/getitem?vwok_id=98679450-d3d2-11eb-aa98-9b5f9b076f13 304 - - 12.441 ms
OPTIONS /vwok/woklist?uid=f4fb6480-2bd0-11eb-95e3-f54fb34fd803&currentPage=1&limit=16 200 2 - 0.235 ms
GET /vwok/woklist?uid=f4fb6480-2bd0-11eb-95e3-f54fb34fd803&currentPage=1&limit=16 200 5590 - 31.062 ms
OPTIONS /vwok/woklist?uid=f4fb6480-2bd0-11eb-95e3-f54fb34fd803&currentPage=1&limit=19 200 2 - 0.239 ms
GET /vwok/woklist?uid=f4fb6480-2bd0-11eb-95e3-f54fb34fd803&currentPage=1&limit=19 200 6606 - 11.934 ms
OPTIONS /vwok/item/getitem?vwok_id=d0936d60-5e41-11eb-a7d5-a76ace2ef30a 200 2 - 0.184 ms
GET /vwok/item/getitem?vwok_id=d0936d60-5e41-11eb-a7d5-a76ace2ef30a 200 28751 - 39.072 ms
OPTIONS /vwok/item/todayvwok?uid=f4fb6480-2bd0-11eb-95e3-f54fb34fd803 200 2 - 0.184 ms
GET /vwok/item/todayvwok?uid=f4fb6480-2bd0-11eb-95e3-f54fb34fd803 200 481 - 18.643 ms
OPTIONS /vwok/item/todayvwok?uid=f4fb6480-2bd0-11eb-95e3-f54fb34fd803 200 2 - 0.189 ms
GET /vwok/item/todayvwok?uid=f4fb6480-2bd0-11eb-95e3-f54fb34fd803 304 - - 16.561 ms
OPTIONS /vwok/item/update 200 2 - 0.206 ms
POST /vwok/item/update 200 28752 - 139.734 ms
OPTIONS /vwok/item/todayvwok?uid=f4fb6480-2bd0-11eb-95e3-f54fb34fd803 200 2 - 0.220 ms
GET /vwok/item/todayvwok?uid=f4fb6480-2bd0-11eb-95e3-f54fb34fd803 200 941 - 84.325 ms
OPTIONS /vwok/item/getitem?vwok_id=c07c64b0-d3d3-11eb-8e3c-ff7b4e9ab016 200 2 - 0.200 ms
GET /vwok/item/getitem?vwok_id=c07c64b0-d3d3-11eb-8e3c-ff7b4e9ab016 200 412 - 16.216 ms
OPTIONS /vwok/item/getitem?vwok_id=2ff1fb80-d3d3-11eb-8e3c-ff7b4e9ab016 200 2 - 0.228 ms
GET /vwok/item/getitem?vwok_id=2ff1fb80-d3d3-11eb-8e3c-ff7b4e9ab016 304 - - 13.782 ms
OPTIONS /vwok/item/getitem?vwok_id=98679450-d3d2-11eb-aa98-9b5f9b076f13 200 2 - 0.323 ms
GET /vwok/item/getitem?vwok_id=98679450-d3d2-11eb-aa98-9b5f9b076f13 304 - - 13.476 ms
GET /vwok/item/getitem?vwok_id=c07c64b0-d3d3-11eb-8e3c-ff7b4e9ab016 304 - - 15.375 ms
GET /vwok/item/getitem?vwok_id=2ff1fb80-d3d3-11eb-8e3c-ff7b4e9ab016 304 - - 14.353 ms
OPTIONS /vwok/item/getitem?vwok_id=22bbda10-4587-11eb-89f0-d93442742f19 200 2 - 0.266 ms
GET /vwok/item/getitem?vwok_id=22bbda10-4587-11eb-89f0-d93442742f19 304 - - 16.358 ms
OPTIONS /vwok/teammate 200 2 - 0.212 ms
OPTIONS /vwok/woklist?uid=f4fb6480-2bd0-11eb-95e3-f54fb34fd803&currentPage=1&limit=13 200 2 - 0.293 ms
GET /vwok/teammate 304 - - 87.144 ms
GET /vwok/woklist?uid=f4fb6480-2bd0-11eb-95e3-f54fb34fd803&currentPage=1&limit=13 200 4567 - 77.033 ms
OPTIONS /vwok/item/getitem?vwok_id=d0936d60-5e41-11eb-a7d5-a76ace2ef30a 200 2 - 0.196 ms
GET /vwok/item/getitem?vwok_id=d0936d60-5e41-11eb-a7d5-a76ace2ef30a 200 28752 - 29.286 ms
OPTIONS /vwok/teammate 200 2 - 0.194 ms
OPTIONS /vwok/woklist?uid=f4fb6480-2bd0-11eb-95e3-f54fb34fd803&currentPage=1&limit=13 200 2 - 0.196 ms
GET /vwok/teammate 304 - - 243.704 ms
GET /vwok/woklist?uid=f4fb6480-2bd0-11eb-95e3-f54fb34fd803&currentPage=1&limit=13 304 - - 465.149 ms
OPTIONS /vwok/item/getitem?vwok_id=d0936d60-5e41-11eb-a7d5-a76ace2ef30a 200 2 - 0.366 ms
GET /vwok/item/getitem?vwok_id=d0936d60-5e41-11eb-a7d5-a76ace2ef30a 304 - - 45.319 ms
OPTIONS /vwok/teammate 200 2 - 0.222 ms
OPTIONS /vwok/woklist?uid=f4fb6480-2bd0-11eb-95e3-f54fb34fd803&currentPage=1&limit=13 200 2 - 0.200 ms
GET /vwok/teammate 304 - - 98.970 ms
GET /vwok/woklist?uid=f4fb6480-2bd0-11eb-95e3-f54fb34fd803&currentPage=1&limit=13 304 - - 92.830 ms
OPTIONS /vwok/item/getitem?vwok_id=d0936d60-5e41-11eb-a7d5-a76ace2ef30a 200 2 - 0.231 ms
GET /vwok/item/getitem?vwok_id=d0936d60-5e41-11eb-a7d5-a76ace2ef30a 304 - - 25.973 ms
OPTIONS /vwok/teammate 200 2 - 0.194 ms
OPTIONS /vwok/woklist?uid=f4fb6480-2bd0-11eb-95e3-f54fb34fd803&currentPage=1&limit=13 200 2 - 0.236 ms
GET /vwok/teammate 304 - - 85.117 ms
GET /vwok/woklist?uid=f4fb6480-2bd0-11eb-95e3-f54fb34fd803&currentPage=1&limit=13 304 - - 75.337 ms
OPTIONS /vwok/item/getitem?vwok_id=d0936d60-5e41-11eb-a7d5-a76ace2ef30a 200 2 - 0.217 ms
GET /vwok/item/getitem?vwok_id=d0936d60-5e41-11eb-a7d5-a76ace2ef30a 304 - - 22.367 ms
OPTIONS /vwok/teammate 200 2 - 0.188 ms
OPTIONS /vwok/woklist?uid=f4fb6480-2bd0-11eb-95e3-f54fb34fd803&currentPage=1&limit=13 200 2 - 0.366 ms
GET /vwok/teammate 304 - - 12.866 ms
GET /vwok/woklist?uid=f4fb6480-2bd0-11eb-95e3-f54fb34fd803&currentPage=1&limit=13 304 - - 27.119 ms
OPTIONS /vwok/item/getitem?vwok_id=d0936d60-5e41-11eb-a7d5-a76ace2ef30a 200 2 - 0.202 ms
GET /vwok/item/getitem?vwok_id=d0936d60-5e41-11eb-a7d5-a76ace2ef30a 304 - - 24.959 ms
OPTIONS /vwok/teammate 200 2 - 3.947 ms
OPTIONS /vwok/woklist?uid=f4fb6480-2bd0-11eb-95e3-f54fb34fd803&currentPage=1&limit=13 200 2 - 0.197 ms
GET /vwok/teammate 304 - - 127.096 ms
GET /vwok/woklist?uid=f4fb6480-2bd0-11eb-95e3-f54fb34fd803&currentPage=1&limit=13 304 - - 127.242 ms
OPTIONS /vwok/item/getitem?vwok_id=c07c64b0-d3d3-11eb-8e3c-ff7b4e9ab016 200 2 - 0.201 ms
GET /vwok/item/getitem?vwok_id=c07c64b0-d3d3-11eb-8e3c-ff7b4e9ab016 304 - - 19.977 ms
OPTIONS /vwok/item/getitem?vwok_id=d0936d60-5e41-11eb-a7d5-a76ace2ef30a 200 2 - 0.914 ms
GET /vwok/item/getitem?vwok_id=d0936d60-5e41-11eb-a7d5-a76ace2ef30a 304 - - 387.395 ms
OPTIONS /vwok/item/todayvwok?uid=f4fb6480-2bd0-11eb-95e3-f54fb34fd803 200 2 - 0.268 ms
GET /vwok/item/todayvwok?uid=f4fb6480-2bd0-11eb-95e3-f54fb34fd803 304 - - 20.672 ms
OPTIONS /vwok/teammate 200 2 - 2.747 ms
OPTIONS /vwok/woklist?uid=f4fb6480-2bd0-11eb-95e3-f54fb34fd803&currentPage=1&limit=13 200 2 - 0.283 ms
GET /vwok/teammate 200 422 - 45.070 ms
GET /vwok/woklist?uid=f4fb6480-2bd0-11eb-95e3-f54fb34fd803&currentPage=1&limit=13 200 4679 - 46.078 ms
OPTIONS /vwok/item/getitem?vwok_id=f9cc0bf0-a0eb-11eb-98b1-bb61a78e3c26 200 2 - 0.267 ms
GET /vwok/item/getitem?vwok_id=f9cc0bf0-a0eb-11eb-98b1-bb61a78e3c26 200 14438 - 747.939 ms
OPTIONS /vwok/item/getitem?vwok_id=1add14d0-4587-11eb-89f0-d93442742f19 200 2 - 0.214 ms
GET /vwok/item/getitem?vwok_id=1add14d0-4587-11eb-89f0-d93442742f19 200 49097 - 291.495 ms
GET /vwok/item/getitem?vwok_id=f9cc0bf0-a0eb-11eb-98b1-bb61a78e3c26 304 - - 30.995 ms
OPTIONS /vwok/item/getitem?vwok_id=22bbda10-4587-11eb-89f0-d93442742f19 200 2 - 0.232 ms
GET /vwok/item/getitem?vwok_id=22bbda10-4587-11eb-89f0-d93442742f19 200 3559 - 15.180 ms
OPTIONS /vwok/item/getitem?vwok_id=64567f00-4b4c-11eb-8730-cd5501095d96 200 2 - 0.336 ms
GET /vwok/item/getitem?vwok_id=64567f00-4b4c-11eb-8730-cd5501095d96 200 18407 - 31.153 ms
OPTIONS /vwok/item/getitem?vwok_id=1add14d0-4587-11eb-89f0-d93442742f19 200 2 - 0.236 ms
GET /vwok/item/getitem?vwok_id=1add14d0-4587-11eb-89f0-d93442742f19 304 - - 54.928 ms
OPTIONS /vwok/teammate 200 2 - 0.308 ms
OPTIONS /vwok/woklist?uid=f4fb6480-2bd0-11eb-95e3-f54fb34fd803&currentPage=1&limit=13 200 2 - 0.352 ms
GET /vwok/teammate 200 356 - 106.394 ms
GET /vwok/woklist?uid=f4fb6480-2bd0-11eb-95e3-f54fb34fd803&currentPage=1&limit=13 304 - - 110.278 ms
OPTIONS /vwok/teammate 200 2 - 0.218 ms
OPTIONS /vwok/woklist?uid=f4fb6480-2bd0-11eb-95e3-f54fb34fd803&currentPage=1&limit=13 200 2 - 0.276 ms
GET /vwok/teammate 200 353 - 111.640 ms
GET /vwok/woklist?uid=f4fb6480-2bd0-11eb-95e3-f54fb34fd803&currentPage=1&limit=13 304 - - 142.740 ms
OPTIONS /vwok/item/getitem?vwok_id=1add14d0-4587-11eb-89f0-d93442742f19 200 2 - 0.885 ms
GET /vwok/item/getitem?vwok_id=1add14d0-4587-11eb-89f0-d93442742f19 304 - - 176.813 ms
OPTIONS /vwok/item/getitem?vwok_id=f9cc0bf0-a0eb-11eb-98b1-bb61a78e3c26 200 2 - 0.193 ms
GET /vwok/item/getitem?vwok_id=f9cc0bf0-a0eb-11eb-98b1-bb61a78e3c26 304 - - 25.145 ms
OPTIONS /vwok/item/update 200 2 - 0.227 ms
POST /vwok/item/update 200 14438 - 162.404 ms
OPTIONS /vwok/item/getitem?vwok_id=1add14d0-4587-11eb-89f0-d93442742f19 200 2 - 0.448 ms
GET /vwok/item/getitem?vwok_id=1add14d0-4587-11eb-89f0-d93442742f19 304 - - 48.605 ms
OPTIONS /vwok/item/getitem?vwok_id=f9cc0bf0-a0eb-11eb-98b1-bb61a78e3c26 200 2 - 0.239 ms
GET /vwok/item/getitem?vwok_id=f9cc0bf0-a0eb-11eb-98b1-bb61a78e3c26 200 14438 - 47.900 ms
GET /vwok/item/getitem?vwok_id=1add14d0-4587-11eb-89f0-d93442742f19 304 - - 64.291 ms
OPTIONS /vwok/item/getitem?vwok_id=f9cc0bf0-a0eb-11eb-98b1-bb61a78e3c26 200 2 - 0.205 ms
GET /vwok/item/getitem?vwok_id=f9cc0bf0-a0eb-11eb-98b1-bb61a78e3c26 304 - - 396.954 ms
OPTIONS /vwok/teammate 200 2 - 0.204 ms
OPTIONS /vwok/woklist?uid=f4fb6480-2bd0-11eb-95e3-f54fb34fd803&currentPage=1&limit=13 200 2 - 0.263 ms
GET /vwok/teammate 304 - - 98.189 ms
GET /vwok/woklist?uid=f4fb6480-2bd0-11eb-95e3-f54fb34fd803&currentPage=1&limit=13 200 4679 - 89.353 ms
OPTIONS /vwok/item/getitem?vwok_id=f9cc0bf0-a0eb-11eb-98b1-bb61a78e3c26 200 2 - 0.203 ms
GET /vwok/item/getitem?vwok_id=f9cc0bf0-a0eb-11eb-98b1-bb61a78e3c26 200 14016 - 46.287 ms
OPTIONS /vwok/item/getitem?vwok_id=1add14d0-4587-11eb-89f0-d93442742f19 200 2 - 0.204 ms
GET /vwok/item/getitem?vwok_id=1add14d0-4587-11eb-89f0-d93442742f19 200 49508 - 51.778 ms
OPTIONS /vwok/item/update 200 2 - 0.207 ms
POST /vwok/item/update 200 49506 - 177.920 ms
OPTIONS /vwok/teammate 200 2 - 0.197 ms
OPTIONS /vwok/woklist?uid=f4fb6480-2bd0-11eb-95e3-f54fb34fd803&currentPage=1&limit=13 200 2 - 0.279 ms
GET /vwok/teammate 304 - - 12.554 ms
GET /vwok/woklist?uid=f4fb6480-2bd0-11eb-95e3-f54fb34fd803&currentPage=1&limit=13 200 4679 - 34.645 ms
OPTIONS /vwok/item/getitem?vwok_id=1add14d0-4587-11eb-89f0-d93442742f19 200 2 - 0.489 ms
GET /vwok/item/getitem?vwok_id=1add14d0-4587-11eb-89f0-d93442742f19 200 49506 - 73.234 ms
OPTIONS /vwok/item/getitem?vwok_id=f9cc0bf0-a0eb-11eb-98b1-bb61a78e3c26 200 2 - 0.350 ms
GET /vwok/item/getitem?vwok_id=f9cc0bf0-a0eb-11eb-98b1-bb61a78e3c26 304 - - 18.984 ms
GET /vwok/item/getitem?vwok_id=1add14d0-4587-11eb-89f0-d93442742f19 304 - - 56.025 ms
OPTIONS /vwok/item/update 200 2 - 0.189 ms
POST /vwok/item/update 200 49507 - 747.388 ms
OPTIONS /vwok/item/update 200 2 - 0.212 ms
POST /vwok/item/update 200 49516 - 158.523 ms
OPTIONS /vwok/item/todayvwok?uid=f4fb6480-2bd0-11eb-95e3-f54fb34fd803 200 2 - 0.191 ms
GET /vwok/item/todayvwok?uid=f4fb6480-2bd0-11eb-95e3-f54fb34fd803 200 1439 - 62.184 ms
OPTIONS /vwok/item/todayvwok?uid=f4fb6480-2bd0-11eb-95e3-f54fb34fd803 200 2 - 0.232 ms
GET /vwok/item/todayvwok?uid=f4fb6480-2bd0-11eb-95e3-f54fb34fd803 304 - - 107.521 ms
OPTIONS /vwok/item/todayvwok?uid=f4fb6480-2bd0-11eb-95e3-f54fb34fd803 200 2 - 0.181 ms
GET /vwok/item/todayvwok?uid=f4fb6480-2bd0-11eb-95e3-f54fb34fd803 304 - - 1996.590 ms
OPTIONS /vwok/woklist?uid=f4fb6480-2bd0-11eb-95e3-f54fb34fd803&currentPage=1&limit=16 200 2 - 0.185 ms
GET /vwok/woklist?uid=f4fb6480-2bd0-11eb-95e3-f54fb34fd803&currentPage=1&limit=16 200 5769 - 83.577 ms
OPTIONS /vwok/item/getitem?vwok_id=f9cc0bf0-a0eb-11eb-98b1-bb61a78e3c26 200 2 - 0.194 ms
GET /vwok/item/getitem?vwok_id=f9cc0bf0-a0eb-11eb-98b1-bb61a78e3c26 304 - - 308.012 ms
OPTIONS /vwok/item/getitem?vwok_id=1add14d0-4587-11eb-89f0-d93442742f19 200 2 - 0.202 ms
GET /vwok/item/getitem?vwok_id=1add14d0-4587-11eb-89f0-d93442742f19 200 49516 - 51.518 ms
GET /apidoc/ 304 - - 1.198 ms
GET /apidoc/vendor/bootstrap.min.css 304 - - 1.903 ms
GET /apidoc/vendor/prism.css 304 - - 1.745 ms
GET /apidoc/css/style.css 304 - - 2.118 ms
GET /apidoc/vendor/polyfill.js 304 - - 1.539 ms
GET /apidoc/vendor/require.min.js 304 - - 1.592 ms
GET /apidoc/main.js 304 - - 0.895 ms
GET /apidoc/vendor/lodash.custom.min.js?v=1624434966434 200 20022 - 5.835 ms
GET /apidoc/locales/locale.js?v=1624434966434 200 1249 - 6.532 ms
GET /apidoc/vendor/jquery.min.js?v=1624434966434 200 89476 - 6.789 ms
GET /apidoc/api_project.js?v=1624434966434 200 526 - 6.544 ms
GET /apidoc/api_data.js?v=1624434966434 200 18226 - 6.917 ms
GET /apidoc/utils/send_sample_request.js?v=1624434966434 200 10211 - 7.615 ms
GET /apidoc/vendor/semver.min.js?v=1624434966434 200 12950 - 5.484 ms
GET /apidoc/vendor/webfontloader.js?v=1624434966434 200 12492 - 6.227 ms
GET /apidoc/vendor/path-to-regexp/index.js?v=1624434966434 200 5147 - 5.111 ms
GET /apidoc/vendor/list.min.js?v=1624434966434 200 15952 - 5.804 ms
GET /apidoc/vendor/prism.js?v=1624434966434 200 42163 - 7.170 ms
GET /apidoc/vendor/handlebars.min.js?v=1624434966434 200 80257 - 8.273 ms
GET /apidoc/vendor/bootstrap.min.js?v=1624434966434 200 39680 - 4.539 ms
GET /apidoc/locales/ca.js?v=1624434966434 200 1225 - 1.637 ms
GET /apidoc/locales/cs.js?v=1624434966434 200 1246 - 1.744 ms
GET /apidoc/locales/de.js?v=1624434966434 200 1234 - 3.943 ms
GET /apidoc/locales/es.js?v=1624434966434 200 1244 - 3.991 ms
GET /apidoc/locales/fr.js?v=1624434966434 200 1264 - 4.659 ms
GET /apidoc/locales/it.js?v=1624434966434 200 1249 - 5.870 ms
GET /apidoc/locales/nl.js?v=1624434966434 200 1241 - 9.264 ms
GET /apidoc/locales/pl.js?v=1624434966434 200 1226 - 9.741 ms
GET /apidoc/locales/pt_br.js?v=1624434966434 200 1236 - 10.559 ms
GET /apidoc/locales/ro.js?v=1624434966434 200 1238 - 9.231 ms
GET /apidoc/locales/ru.js?v=1624434966434 200 1481 - 9.928 ms
GET /apidoc/locales/tr.js?v=1624434966434 200 1246 - 7.522 ms
GET /apidoc/locales/vi.js?v=1624434966434 200 1328 - 8.329 ms
GET /apidoc/locales/zh.js?v=1624434966434 200 1157 - 11.733 ms
GET /apidoc/locales/zh_cn.js?v=1624434966434 200 1292 - 6.898 ms
GET /apidoc/utils/send_sample_request_utils.js?v=1624434966434 200 3356 - 6.002 ms
GET /apidoc/utils/handlebars_helper.js?v=1624434966434 200 10752 - 6.998 ms
GET /apidoc/vendor/diff_match_patch.min.js?v=1624434966434 200 19192 - 0.609 ms
OPTIONS /vwok/teammate 200 2 - 0.194 ms
OPTIONS /vwok/woklist?uid=f4fb6480-2bd0-11eb-95e3-f54fb34fd803&currentPage=1&limit=13 200 2 - 0.260 ms
OPTIONS /vwok/teammate 200 2 - 0.195 ms
OPTIONS /vwok/woklist?uid=f4fb6480-2bd0-11eb-95e3-f54fb34fd803&currentPage=1&limit=13 200 2 - 0.221 ms
OPTIONS /vwok/item/getitem?vwok_id=1add14d0-4587-11eb-89f0-d93442742f19 200 2 - 0.174 ms
GET /vwok/item/getitem?vwok_id=1add14d0-4587-11eb-89f0-d93442742f19 304 - - 182.489 ms
OPTIONS /user/register/email 200 2 - 0.203 ms
POST /user/register/email 200 42 - 1249.547 ms
OPTIONS /user/register 200 2 - 0.195 ms
POST /user/register 200 290 - 413.453 ms
OPTIONS /user/login 200 2 - 0.226 ms
POST /user/login 200 615 - 24.037 ms
OPTIONS /vwok/teammate 200 2 - 0.203 ms
OPTIONS /vwok/woklist?uid=dd152500-d3f9-11eb-8510-992382f5ca8b&currentPage=1&limit=13 200 2 - 0.303 ms
GET /vwok/teammate 200 418 - 17.250 ms
GET /vwok/woklist?uid=dd152500-d3f9-11eb-8510-992382f5ca8b&currentPage=1&limit=13 200 43 - 14.988 ms
GET /vwok/teammate 304 - - 15.912 ms
GET /vwok/teammate 304 - - 20.340 ms
GET /vwok/woklist?uid=dd152500-d3f9-11eb-8510-992382f5ca8b&currentPage=1&limit=13 304 - - 18.534 ms
OPTIONS /vwok/create 200 2 - 0.189 ms
POST /vwok/create 200 39 - 430.833 ms
OPTIONS /vwok/teammate 200 2 - 0.202 ms
GET /vwok/teammate 304 - - 15.123 ms
OPTIONS /vwok/woklist?uid=dd152500-d3f9-11eb-8510-992382f5ca8b&currentPage=1&limit=13 200 2 - 0.472 ms
GET /vwok/teammate 304 - - 16.805 ms
GET /vwok/woklist?uid=dd152500-d3f9-11eb-8510-992382f5ca8b&currentPage=1&limit=13 200 391 - 25.523 ms
OPTIONS /vwok/item/getitem?vwok_id=ed4176e0-d3f9-11eb-8510-992382f5ca8b 200 2 - 0.179 ms
GET /vwok/item/getitem?vwok_id=ed4176e0-d3f9-11eb-8510-992382f5ca8b 200 24 - 22.236 ms
OPTIONS /vwok/item/create 200 2 - 0.870 ms
POST /vwok/item/create 200 425 - 460.165 ms
OPTIONS /vwok/item/update 200 2 - 0.187 ms
POST /vwok/item/update 200 434 - 470.889 ms
OPTIONS /vwok/item/update 200 2 - 0.226 ms
POST /vwok/item/update 200 444 - 470.844 ms
OPTIONS /vwok/item/todayvwok?uid=dd152500-d3f9-11eb-8510-992382f5ca8b 200 2 - 0.234 ms
GET /vwok/item/todayvwok?uid=dd152500-d3f9-11eb-8510-992382f5ca8b 200 513 - 23.882 ms
OPTIONS /vwok/item/todayvwok?uid=dd152500-d3f9-11eb-8510-992382f5ca8b 200 2 - 0.268 ms
GET /vwok/item/todayvwok?uid=dd152500-d3f9-11eb-8510-992382f5ca8b 304 - - 113.328 ms
OPTIONS /vwok/update/vwokname 200 2 - 0.193 ms
POST /vwok/update/vwokname 200 45 - 189.730 ms
OPTIONS /vwok/item/todayvwok?uid=dd152500-d3f9-11eb-8510-992382f5ca8b 200 2 - 0.174 ms
GET /vwok/item/todayvwok?uid=dd152500-d3f9-11eb-8510-992382f5ca8b 200 518 - 23.470 ms
OPTIONS /vwok/item/getitem?vwok_id=ed4176e0-d3f9-11eb-8510-992382f5ca8b 200 2 - 0.187 ms
GET /vwok/item/getitem?vwok_id=ed4176e0-d3f9-11eb-8510-992382f5ca8b 200 449 - 23.363 ms
OPTIONS /vwok/end/vwok 200 2 - 0.201 ms
POST /vwok/end/vwok 200 43 - 495.067 ms
OPTIONS /vwok/teammate 200 2 - 0.221 ms
OPTIONS /vwok/woklist?uid=dd152500-d3f9-11eb-8510-992382f5ca8b&currentPage=1&limit=13 200 2 - 0.221 ms
GET /vwok/teammate 304 - - 17.637 ms
GET /vwok/woklist?uid=dd152500-d3f9-11eb-8510-992382f5ca8b&currentPage=1&limit=13 200 43 - 13.732 ms
OPTIONS /vwok/teammate 200 2 - 3.276 ms
OPTIONS /vwok/woklist?uid=dd152500-d3f9-11eb-8510-992382f5ca8b&currentPage=1&limit=13 200 2 - 0.268 ms
GET /vwok/teammate 200 291 - 31.730 ms
GET /vwok/woklist?uid=dd152500-d3f9-11eb-8510-992382f5ca8b&currentPage=1&limit=13 304 - - 19.494 ms
OPTIONS /vwok/item/todayvwok?uid=dd152500-d3f9-11eb-8510-992382f5ca8b 200 2 - 0.223 ms
GET /vwok/item/todayvwok?uid=dd152500-d3f9-11eb-8510-992382f5ca8b 200 93 - 34.938 ms
OPTIONS /vwok/create 200 2 - 0.348 ms
POST /vwok/create 200 39 - 426.917 ms
OPTIONS /vwok/teammate 200 2 - 0.320 ms
OPTIONS /vwok/woklist?uid=dd152500-d3f9-11eb-8510-992382f5ca8b&currentPage=1&limit=13 200 2 - 0.207 ms
GET /vwok/teammate 304 - - 97.212 ms
GET /vwok/woklist?uid=dd152500-d3f9-11eb-8510-992382f5ca8b&currentPage=1&limit=13 200 382 - 94.740 ms
OPTIONS /vwok/teammate 200 2 - 0.331 ms
OPTIONS /vwok/woklist?uid=dd152500-d3f9-11eb-8510-992382f5ca8b&currentPage=1&limit=13 200 2 - 0.193 ms
GET /vwok/teammate 304 - - 102.861 ms
GET /vwok/woklist?uid=dd152500-d3f9-11eb-8510-992382f5ca8b&currentPage=1&limit=13 304 - - 52.672 ms
GET /vwok/teammate 304 - - 13.343 ms
GET /vwok/woklist?uid=dd152500-d3f9-11eb-8510-992382f5ca8b&currentPage=1&limit=13 304 - - 22.195 ms
OPTIONS /vwok/create 200 2 - 0.264 ms
POST /vwok/create 200 39 - 343.222 ms
OPTIONS /vwok/create 200 2 - 0.219 ms
POST /vwok/create 200 39 - 336.723 ms
OPTIONS /vwok/teammate 200 2 - 0.266 ms
OPTIONS /vwok/woklist?uid=dd152500-d3f9-11eb-8510-992382f5ca8b&currentPage=1&limit=13 200 2 - 0.177 ms
GET /vwok/teammate 304 - - 78.052 ms
GET /vwok/woklist?uid=dd152500-d3f9-11eb-8510-992382f5ca8b&currentPage=1&limit=13 200 1048 - 53.127 ms
OPTIONS /vwok/create 200 2 - 0.249 ms
POST /vwok/create 200 39 - 349.192 ms
OPTIONS /vwok/teammate 200 2 - 0.186 ms
GET /vwok/teammate 304 - - 82.725 ms
GET /vwok/teammate 304 - - 15.383 ms
OPTIONS /vwok/woklist?uid=dd152500-d3f9-11eb-8510-992382f5ca8b&currentPage=1&limit=13 200 2 - 0.174 ms
GET /vwok/woklist?uid=dd152500-d3f9-11eb-8510-992382f5ca8b&currentPage=1&limit=13 200 1381 - 28.710 ms
OPTIONS /vwok/create 200 2 - 0.227 ms
POST /vwok/create 200 39 - 34.180 ms
POST /vwok/create 200 39 - 334.745 ms
OPTIONS /vwok/teammate 200 2 - 0.282 ms
GET /vwok/teammate 304 - - 14.817 ms
OPTIONS /vwok/woklist?uid=dd152500-d3f9-11eb-8510-992382f5ca8b&currentPage=1&limit=13 200 2 - 0.173 ms
GET /vwok/woklist?uid=dd152500-d3f9-11eb-8510-992382f5ca8b&currentPage=1&limit=13 200 1714 - 15.951 ms
OPTIONS /vwok/create 200 2 - 0.250 ms
POST /vwok/create 200 39 - 415.970 ms
OPTIONS /vwok/teammate 200 2 - 0.193 ms
OPTIONS /vwok/woklist?uid=dd152500-d3f9-11eb-8510-992382f5ca8b&currentPage=1&limit=13 200 2 - 0.183 ms
GET /vwok/teammate 304 - - 11.871 ms
GET /vwok/woklist?uid=dd152500-d3f9-11eb-8510-992382f5ca8b&currentPage=1&limit=13 200 2045 - 17.339 ms
OPTIONS /vwok/item/getitem?vwok_id=d4bab530-d3fb-11eb-ae52-2d9098f6ca4c 200 2 - 0.172 ms
GET /vwok/item/getitem?vwok_id=d4bab530-d3fb-11eb-ae52-2d9098f6ca4c 200 24 - 15.824 ms
OPTIONS /vwok/item/getitem?vwok_id=bf2ea7d0-d3fb-11eb-ae52-2d9098f6ca4c 200 2 - 0.245 ms
GET /vwok/item/getitem?vwok_id=bf2ea7d0-d3fb-11eb-ae52-2d9098f6ca4c 200 24 - 15.103 ms
GET /vwok/item/getitem?vwok_id=d4bab530-d3fb-11eb-ae52-2d9098f6ca4c 304 - - 17.098 ms
OPTIONS /vwok/item/getitem?vwok_id=8d6c7740-d3fb-11eb-ae52-2d9098f6ca4c 200 2 - 0.196 ms
GET /vwok/item/getitem?vwok_id=8d6c7740-d3fb-11eb-ae52-2d9098f6ca4c 200 24 - 29.437 ms
OPTIONS /vwok/item/getitem?vwok_id=821db890-d3fb-11eb-ae52-2d9098f6ca4c 200 2 - 0.193 ms
GET /vwok/item/getitem?vwok_id=821db890-d3fb-11eb-ae52-2d9098f6ca4c 200 24 - 13.861 ms
GET /vwok/item/getitem?vwok_id=d4bab530-d3fb-11eb-ae52-2d9098f6ca4c 304 - - 16.420 ms
OPTIONS /vwok/end/vwok 200 2 - 0.172 ms
POST /vwok/end/vwok 200 1714 - 384.371 ms
OPTIONS /vwok/item/getitem?vwok_id=bf2ea7d0-d3fb-11eb-ae52-2d9098f6ca4c 200 2 - 0.299 ms
GET /vwok/item/getitem?vwok_id=bf2ea7d0-d3fb-11eb-ae52-2d9098f6ca4c 304 - - 18.846 ms
POST /vwok/end/vwok 200 1381 - 141.805 ms
OPTIONS /vwok/item/getitem?vwok_id=8d6c7740-d3fb-11eb-ae52-2d9098f6ca4c 200 2 - 0.177 ms
GET /vwok/item/getitem?vwok_id=8d6c7740-d3fb-11eb-ae52-2d9098f6ca4c 304 - - 18.686 ms
OPTIONS /vwok/end/vwok 200 2 - 0.175 ms
POST /vwok/end/vwok 200 1048 - 328.453 ms
OPTIONS /vwok/item/getitem?vwok_id=821db890-d3fb-11eb-ae52-2d9098f6ca4c 200 2 - 0.242 ms
GET /vwok/item/getitem?vwok_id=821db890-d3fb-11eb-ae52-2d9098f6ca4c 304 - - 17.050 ms
POST /vwok/end/vwok 200 713 - 171.203 ms
OPTIONS /vwok/item/getitem?vwok_id=7ca8c760-d3fb-11eb-ae52-2d9098f6ca4c 200 2 - 0.261 ms
GET /vwok/item/getitem?vwok_id=7ca8c760-d3fb-11eb-ae52-2d9098f6ca4c 200 24 - 27.211 ms
POST /vwok/end/vwok 200 382 - 235.685 ms
OPTIONS /vwok/item/getitem?vwok_id=9c4b7e10-d3fa-11eb-ae52-2d9098f6ca4c 200 2 - 0.185 ms
GET /vwok/item/getitem?vwok_id=9c4b7e10-d3fa-11eb-ae52-2d9098f6ca4c 200 24 - 105.396 ms
OPTIONS /user/login 200 2 - 0.160 ms
POST /user/login 200 612 - 24.887 ms
OPTIONS /vwok/teammate 200 2 - 0.174 ms
OPTIONS /vwok/woklist?uid=f4fb6480-2bd0-11eb-95e3-f54fb34fd803&currentPage=1&limit=13 200 2 - 0.213 ms
GET /vwok/teammate 304 - - 26.358 ms
GET /vwok/woklist?uid=f4fb6480-2bd0-11eb-95e3-f54fb34fd803&currentPage=1&limit=13 200 4567 - 284.157 ms
OPTIONS /vwok/item/getitem?vwok_id=d0936d60-5e41-11eb-a7d5-a76ace2ef30a 200 2 - 0.170 ms
GET /vwok/item/getitem?vwok_id=d0936d60-5e41-11eb-a7d5-a76ace2ef30a 304 - - 50.166 ms
OPTIONS /vwok/item/getitem?vwok_id=c07c64b0-d3d3-11eb-8e3c-ff7b4e9ab016 200 2 - 0.333 ms
GET /vwok/item/getitem?vwok_id=c07c64b0-d3d3-11eb-8e3c-ff7b4e9ab016 304 - - 19.566 ms
OPTIONS /vwok/woklist?uid=f4fb6480-2bd0-11eb-95e3-f54fb34fd803&currentPage=1&limit=16 200 2 - 0.153 ms
GET /vwok/woklist?uid=f4fb6480-2bd0-11eb-95e3-f54fb34fd803&currentPage=1&limit=16 200 5590 - 14.710 ms
OPTIONS /vwok/woklist?uid=f4fb6480-2bd0-11eb-95e3-f54fb34fd803&currentPage=1&limit=19 200 2 - 0.184 ms
GET /vwok/woklist?uid=f4fb6480-2bd0-11eb-95e3-f54fb34fd803&currentPage=1&limit=19 200 6606 - 17.550 ms
OPTIONS /vwok/woklist?uid=f4fb6480-2bd0-11eb-95e3-f54fb34fd803&currentPage=1&limit=22 200 2 - 0.155 ms
GET /vwok/woklist?uid=f4fb6480-2bd0-11eb-95e3-f54fb34fd803&currentPage=1&limit=22 200 7608 - 19.368 ms
OPTIONS /vwok/woklist?uid=f4fb6480-2bd0-11eb-95e3-f54fb34fd803&currentPage=1&limit=25 200 2 - 0.151 ms
GET /vwok/woklist?uid=f4fb6480-2bd0-11eb-95e3-f54fb34fd803&currentPage=1&limit=25 200 8610 - 19.316 ms
OPTIONS /vwok/woklist?uid=f4fb6480-2bd0-11eb-95e3-f54fb34fd803&currentPage=1&limit=28 200 2 - 0.160 ms
GET /vwok/woklist?uid=f4fb6480-2bd0-11eb-95e3-f54fb34fd803&currentPage=1&limit=28 200 9633 - 21.068 ms
OPTIONS /vwok/woklist?uid=f4fb6480-2bd0-11eb-95e3-f54fb34fd803&currentPage=1&limit=31 200 2 - 0.168 ms
GET /vwok/woklist?uid=f4fb6480-2bd0-11eb-95e3-f54fb34fd803&currentPage=1&limit=31 200 10353 - 28.537 ms
OPTIONS /vwok/item/getitem?vwok_id=2ff1fb80-d3d3-11eb-8e3c-ff7b4e9ab016 200 2 - 0.280 ms
GET /vwok/item/getitem?vwok_id=2ff1fb80-d3d3-11eb-8e3c-ff7b4e9ab016 304 - - 95.350 ms
OPTIONS /vwok/item/getitem?vwok_id=c07c64b0-d3d3-11eb-8e3c-ff7b4e9ab016 200 2 - 0.202 ms
GET /vwok/item/getitem?vwok_id=c07c64b0-d3d3-11eb-8e3c-ff7b4e9ab016 304 - - 13.003 ms
OPTIONS /vwok/teammate 200 2 - 0.982 ms
GET /vwok/teammate 304 - - 9.547 ms
OPTIONS /vwok/woklist?uid=f4fb6480-2bd0-11eb-95e3-f54fb34fd803&currentPage=1&limit=13 200 2 - 0.187 ms
GET /vwok/teammate 304 - - 19.875 ms
GET /vwok/woklist?uid=f4fb6480-2bd0-11eb-95e3-f54fb34fd803&currentPage=1&limit=13 304 - - 21.073 ms
OPTIONS /vwok/item/getitem?vwok_id=c07c64b0-d3d3-11eb-8e3c-ff7b4e9ab016 200 2 - 0.255 ms
GET /vwok/item/getitem?vwok_id=c07c64b0-d3d3-11eb-8e3c-ff7b4e9ab016 304 - - 132.348 ms
OPTIONS /vwok/item/getitem?vwok_id=2ff1fb80-d3d3-11eb-8e3c-ff7b4e9ab016 200 2 - 0.332 ms
GET /vwok/item/getitem?vwok_id=2ff1fb80-d3d3-11eb-8e3c-ff7b4e9ab016 304 - - 13.695 ms
OPTIONS /vwok/item/getitem?vwok_id=d0936d60-5e41-11eb-a7d5-a76ace2ef30a 200 2 - 0.177 ms
GET /vwok/item/getitem?vwok_id=d0936d60-5e41-11eb-a7d5-a76ace2ef30a 304 - - 80.124 ms
OPTIONS /vwok/item/getitem?vwok_id=c07c64b0-d3d3-11eb-8e3c-ff7b4e9ab016 200 2 - 0.159 ms
GET /vwok/item/getitem?vwok_id=c07c64b0-d3d3-11eb-8e3c-ff7b4e9ab016 304 - - 16.893 ms
GET /vwok/item/getitem?vwok_id=d0936d60-5e41-11eb-a7d5-a76ace2ef30a 304 - - 29.334 ms
OPTIONS /vwok/teammate 200 2 - 0.247 ms
OPTIONS /vwok/woklist?uid=f4fb6480-2bd0-11eb-95e3-f54fb34fd803&currentPage=1&limit=13 200 2 - 0.174 ms
GET /vwok/teammate 304 - - 58.259 ms
GET /vwok/woklist?uid=f4fb6480-2bd0-11eb-95e3-f54fb34fd803&currentPage=1&limit=13 304 - - 55.467 ms
OPTIONS /vwok/item/todayvwok?uid=f4fb6480-2bd0-11eb-95e3-f54fb34fd803 200 2 - 0.173 ms
GET /vwok/item/todayvwok?uid=f4fb6480-2bd0-11eb-95e3-f54fb34fd803 200 941 - 22.071 ms
OPTIONS /vwok/teammate 200 2 - 0.186 ms
OPTIONS /vwok/woklist?uid=f4fb6480-2bd0-11eb-95e3-f54fb34fd803&currentPage=1&limit=13 200 2 - 0.170 ms
GET /vwok/teammate 304 - - 88.418 ms
GET /vwok/woklist?uid=f4fb6480-2bd0-11eb-95e3-f54fb34fd803&currentPage=1&limit=13 304 - - 75.826 ms
OPTIONS /vwok/item/todayvwok?uid=f4fb6480-2bd0-11eb-95e3-f54fb34fd803 200 2 - 0.190 ms
GET /vwok/item/todayvwok?uid=f4fb6480-2bd0-11eb-95e3-f54fb34fd803 304 - - 15.022 ms
OPTIONS /vwok/teammate 200 2 - 0.168 ms
OPTIONS /vwok/woklist?uid=f4fb6480-2bd0-11eb-95e3-f54fb34fd803&currentPage=1&limit=13 200 2 - 0.177 ms
GET /vwok/teammate 304 - - 12.331 ms
GET /vwok/woklist?uid=f4fb6480-2bd0-11eb-95e3-f54fb34fd803&currentPage=1&limit=13 304 - - 10.921 ms
OPTIONS /vwok/item/todayvwok?uid=f4fb6480-2bd0-11eb-95e3-f54fb34fd803 200 2 - 0.188 ms
GET /vwok/item/todayvwok?uid=f4fb6480-2bd0-11eb-95e3-f54fb34fd803 304 - - 87.234 ms
OPTIONS /vwok/teammate 200 2 - 0.192 ms
OPTIONS /vwok/woklist?uid=f4fb6480-2bd0-11eb-95e3-f54fb34fd803&currentPage=1&limit=13 200 2 - 0.277 ms
GET /vwok/woklist?uid=f4fb6480-2bd0-11eb-95e3-f54fb34fd803&currentPage=1&limit=13 304 - - 72.848 ms
GET /vwok/teammate 304 - - 86.471 ms
OPTIONS /vwok/item/todayvwok?uid=f4fb6480-2bd0-11eb-95e3-f54fb34fd803 200 2 - 0.219 ms
GET /vwok/item/todayvwok?uid=f4fb6480-2bd0-11eb-95e3-f54fb34fd803 304 - - 16.778 ms
OPTIONS /vwok/teammate 200 2 - 0.168 ms
OPTIONS /vwok/woklist?uid=f4fb6480-2bd0-11eb-95e3-f54fb34fd803&currentPage=1&limit=13 200 2 - 0.166 ms
GET /vwok/teammate 304 - - 73.350 ms
GET /vwok/woklist?uid=f4fb6480-2bd0-11eb-95e3-f54fb34fd803&currentPage=1&limit=13 304 - - 76.330 ms
OPTIONS /vwok/item/todayvwok?uid=f4fb6480-2bd0-11eb-95e3-f54fb34fd803 200 2 - 0.164 ms
GET /vwok/item/todayvwok?uid=f4fb6480-2bd0-11eb-95e3-f54fb34fd803 304 - - 16.305 ms
OPTIONS /vwok/item/todayvwok?uid=f4fb6480-2bd0-11eb-95e3-f54fb34fd803 200 2 - 0.154 ms
GET /vwok/item/todayvwok?uid=f4fb6480-2bd0-11eb-95e3-f54fb34fd803 304 - - 89.824 ms
OPTIONS /vwok/teammate 200 2 - 0.182 ms
OPTIONS /vwok/woklist?uid=f4fb6480-2bd0-11eb-95e3-f54fb34fd803&currentPage=1&limit=13 200 2 - 0.220 ms
GET /vwok/teammate 304 - - 69.651 ms
GET /vwok/woklist?uid=f4fb6480-2bd0-11eb-95e3-f54fb34fd803&currentPage=1&limit=13 304 - - 61.887 ms
OPTIONS /vwok/item/todayvwok?uid=f4fb6480-2bd0-11eb-95e3-f54fb34fd803 200 2 - 0.245 ms
GET /vwok/item/todayvwok?uid=f4fb6480-2bd0-11eb-95e3-f54fb34fd803 304 - - 25.085 ms
OPTIONS /vwok/teammate 200 2 - 0.169 ms
OPTIONS /vwok/woklist?uid=f4fb6480-2bd0-11eb-95e3-f54fb34fd803&currentPage=1&limit=13 200 2 - 0.227 ms
GET /vwok/teammate 304 - - 135.038 ms
GET /vwok/woklist?uid=f4fb6480-2bd0-11eb-95e3-f54fb34fd803&currentPage=1&limit=13 304 - - 123.971 ms
OPTIONS /vwok/item/todayvwok?uid=f4fb6480-2bd0-11eb-95e3-f54fb34fd803 200 2 - 0.185 ms
GET /vwok/item/todayvwok?uid=f4fb6480-2bd0-11eb-95e3-f54fb34fd803 304 - - 23.667 ms
OPTIONS /user/login 200 2 - 0.170 ms
POST /user/login 200 612 - 116.799 ms
OPTIONS /vwok/teammate 200 2 - 0.196 ms
GET /vwok/teammate 304 - - 10.176 ms
OPTIONS /vwok/woklist?uid=f4fb6480-2bd0-11eb-95e3-f54fb34fd803&currentPage=1&limit=13 200 2 - 0.268 ms
GET /vwok/woklist?uid=f4fb6480-2bd0-11eb-95e3-f54fb34fd803&currentPage=1&limit=13 304 - - 23.775 ms
OPTIONS /vwok/item/todayvwok?uid=f4fb6480-2bd0-11eb-95e3-f54fb34fd803 200 2 - 0.182 ms
GET /vwok/item/todayvwok?uid=f4fb6480-2bd0-11eb-95e3-f54fb34fd803 304 - - 57.004 ms
OPTIONS /vwok/teammate 200 2 - 0.256 ms
OPTIONS /vwok/woklist?uid=f4fb6480-2bd0-11eb-95e3-f54fb34fd803&currentPage=1&limit=13 200 2 - 0.235 ms
GET /vwok/teammate 304 - - 93.981 ms
GET /vwok/woklist?uid=f4fb6480-2bd0-11eb-95e3-f54fb34fd803&currentPage=1&limit=13 304 - - 38.102 ms
OPTIONS /vwok/item/todayvwok?uid=f4fb6480-2bd0-11eb-95e3-f54fb34fd803 200 2 - 0.196 ms
GET /vwok/item/todayvwok?uid=f4fb6480-2bd0-11eb-95e3-f54fb34fd803 304 - - 15.144 ms
OPTIONS /vwok/teammate 200 2 - 0.209 ms
OPTIONS /vwok/woklist?uid=f4fb6480-2bd0-11eb-95e3-f54fb34fd803&currentPage=1&limit=13 200 2 - 0.175 ms
GET /vwok/teammate 304 - - 50.623 ms
GET /vwok/woklist?uid=f4fb6480-2bd0-11eb-95e3-f54fb34fd803&currentPage=1&limit=13 304 - - 54.792 ms
OPTIONS /vwok/item/todayvwok?uid=f4fb6480-2bd0-11eb-95e3-f54fb34fd803 200 2 - 0.161 ms
GET /vwok/item/todayvwok?uid=f4fb6480-2bd0-11eb-95e3-f54fb34fd803 304 - - 16.414 ms
OPTIONS /vwok/item/getitem?vwok_id=d0936d60-5e41-11eb-a7d5-a76ace2ef30a 200 2 - 0.156 ms
GET /vwok/item/getitem?vwok_id=d0936d60-5e41-11eb-a7d5-a76ace2ef30a 304 - - 112.227 ms
OPTIONS /vwok/update/vwokname 200 2 - 0.165 ms
POST /vwok/update/vwokname 200 45 - 318.811 ms
OPTIONS /vwok/item/todayvwok?uid=f4fb6480-2bd0-11eb-95e3-f54fb34fd803 200 2 - 0.190 ms
GET /vwok/item/todayvwok?uid=f4fb6480-2bd0-11eb-95e3-f54fb34fd803 200 922 - 15.535 ms
OPTIONS /vwok/item/getitem?vwok_id=d0936d60-5e41-11eb-a7d5-a76ace2ef30a 200 2 - 0.168 ms
GET /vwok/item/getitem?vwok_id=d0936d60-5e41-11eb-a7d5-a76ace2ef30a 200 27460 - 23.824 ms
OPTIONS /vwok/item/getitem?vwok_id=c07c64b0-d3d3-11eb-8e3c-ff7b4e9ab016 200 2 - 0.252 ms
GET /vwok/item/getitem?vwok_id=c07c64b0-d3d3-11eb-8e3c-ff7b4e9ab016 304 - - 12.832 ms
OPTIONS /vwok/update/vwokname 200 2 - 0.161 ms
POST /vwok/update/vwokname 200 45 - 403.132 ms
OPTIONS /vwok/item/update 200 2 - 0.614 ms
POST /vwok/item/update 200 445 - 598.005 ms
OPTIONS /vwok/item/getitem?vwok_id=d0936d60-5e41-11eb-a7d5-a76ace2ef30a 200 2 - 0.305 ms
GET /vwok/item/getitem?vwok_id=d0936d60-5e41-11eb-a7d5-a76ace2ef30a 304 - - 29.170 ms
OPTIONS /vwok/update/vwokname 200 2 - 0.174 ms
POST /vwok/update/vwokname 200 45 - 322.190 ms
OPTIONS /vwok/item/todayvwok?uid=f4fb6480-2bd0-11eb-95e3-f54fb34fd803 200 2 - 0.191 ms
GET /vwok/item/todayvwok?uid=f4fb6480-2bd0-11eb-95e3-f54fb34fd803 200 961 - 16.141 ms
GET /vwok/item/todayvwok?uid=f4fb6480-2bd0-11eb-95e3-f54fb34fd803 304 - - 20.121 ms
OPTIONS /vwok/item/update/today 200 2 - 0.159 ms
POST /vwok/item/update/today 200 958 - 356.615 ms
OPTIONS /vwok/item/todayvwok?uid=f4fb6480-2bd0-11eb-95e3-f54fb34fd803 200 2 - 0.181 ms
GET /vwok/item/todayvwok?uid=f4fb6480-2bd0-11eb-95e3-f54fb34fd803 200 958 - 16.424 ms
OPTIONS /user/tokenlogin 200 2 - 4.363 ms
POST /user/tokenlogin 200 286 - 141.019 ms
OPTIONS /vwok/teammate 200 2 - 0.464 ms
OPTIONS /vwok/woklist?uid=f4fb6480-2bd0-11eb-95e3-f54fb34fd803&currentPage=1&limit=13 200 2 - 0.688 ms
GET /vwok/teammate 200 291 - 18.580 ms
GET /vwok/woklist?uid=f4fb6480-2bd0-11eb-95e3-f54fb34fd803&currentPage=1&limit=13 200 4563 - 36.203 ms
GET /vwok/teammate 304 - - 18.921 ms
GET /vwok/woklist?uid=f4fb6480-2bd0-11eb-95e3-f54fb34fd803&currentPage=1&limit=13 304 - - 25.569 ms
OPTIONS /vwok/item/getitem?vwok_id=d0936d60-5e41-11eb-a7d5-a76ace2ef30a 200 2 - 1.170 ms
GET /vwok/item/getitem?vwok_id=d0936d60-5e41-11eb-a7d5-a76ace2ef30a 200 27865 - 45.761 ms
OPTIONS /vwok/item/getitem?vwok_id=d0936d60-5e41-11eb-a7d5-a76ace2ef30a 200 2 - 0.271 ms
GET /vwok/item/getitem?vwok_id=d0936d60-5e41-11eb-a7d5-a76ace2ef30a 304 - - 165.068 ms
OPTIONS /vwok/item/getitem?vwok_id=c07c64b0-d3d3-11eb-8e3c-ff7b4e9ab016 200 2 - 0.305 ms
GET /vwok/item/getitem?vwok_id=c07c64b0-d3d3-11eb-8e3c-ff7b4e9ab016 200 445 - 27.365 ms
OPTIONS /vwok/teammate 200 2 - 0.307 ms
OPTIONS /vwok/woklist?uid=f4fb6480-2bd0-11eb-95e3-f54fb34fd803&currentPage=1&limit=13 200 2 - 1.515 ms
GET /vwok/teammate 304 - - 6052.106 ms
GET /vwok/woklist?uid=f4fb6480-2bd0-11eb-95e3-f54fb34fd803&currentPage=1&limit=13 304 - - 145.720 ms
OPTIONS /vwok/item/todayvwok?uid=f4fb6480-2bd0-11eb-95e3-f54fb34fd803 200 2 - 0.225 ms
GET /vwok/item/todayvwok?uid=f4fb6480-2bd0-11eb-95e3-f54fb34fd803 200 93 - 324.432 ms
GET /apidoc/ 200 29292 - 101.457 ms
GET /apidoc/vendor/prism.css 200 1957 - 6.394 ms
GET /apidoc/css/style.css 200 9821 - 6.761 ms
GET /apidoc/vendor/bootstrap.min.css 200 121457 - 6.626 ms
GET /apidoc/vendor/polyfill.js 200 2900 - 8.066 ms
GET /apidoc/vendor/require.min.js 200 15825 - 8.407 ms
GET /apidoc/main.js 200 32803 - 1.383 ms
GET /apidoc/vendor/lodash.custom.min.js?v=1624504218802 200 20022 - 4.818 ms
GET /apidoc/api_project.js?v=1624504218802 200 526 - 4.497 ms
GET /apidoc/locales/locale.js?v=1624504218802 200 1249 - 7.364 ms
GET /apidoc/utils/send_sample_request.js?v=1624504218802 200 10211 - 5.529 ms
GET /apidoc/vendor/jquery.min.js?v=1624504218802 200 89476 - 7.967 ms
GET /apidoc/vendor/webfontloader.js?v=1624504218802 200 12492 - 5.520 ms
GET /apidoc/api_data.js?v=1624504218802 200 18226 - 17.224 ms
GET /apidoc/vendor/path-to-regexp/index.js?v=1624504218802 200 5147 - 8.072 ms
GET /apidoc/vendor/semver.min.js?v=1624504218802 200 12950 - 12.153 ms
GET /apidoc/vendor/list.min.js?v=1624504218802 200 15952 - 50.095 ms
GET /apidoc/vendor/prism.js?v=1624504218802 200 42163 - 49.378 ms
GET /apidoc/locales/ca.js?v=1624504218802 200 1225 - 38.430 ms
GET /apidoc/locales/cs.js?v=1624504218802 200 1246 - 40.287 ms
GET /apidoc/locales/de.js?v=1624504218802 200 1234 - 40.353 ms
GET /apidoc/vendor/handlebars.min.js?v=1624504218802 200 80257 - 46.008 ms
GET /apidoc/locales/es.js?v=1624504218802 200 1244 - 7.820 ms
GET /apidoc/locales/fr.js?v=1624504218802 200 1264 - 8.524 ms
GET /apidoc/locales/it.js?v=1624504218802 200 1249 - 8.955 ms
GET /apidoc/locales/nl.js?v=1624504218802 200 1241 - 10.144 ms
GET /apidoc/locales/pl.js?v=1624504218802 200 1226 - 9.942 ms
GET /apidoc/locales/pt_br.js?v=1624504218802 200 1236 - 13.401 ms
GET /apidoc/locales/ro.js?v=1624504218802 200 1238 - 9.383 ms
GET /apidoc/locales/ru.js?v=1624504218802 200 1481 - 9.761 ms
GET /apidoc/locales/tr.js?v=1624504218802 200 1246 - 8.938 ms
GET /apidoc/locales/vi.js?v=1624504218802 200 1328 - 7.960 ms
GET /apidoc/locales/zh.js?v=1624504218802 200 1157 - 8.358 ms
GET /apidoc/locales/zh_cn.js?v=1624504218802 200 1292 - 6.898 ms
GET /apidoc/vendor/bootstrap.min.js?v=1624504218802 200 39680 - 5.786 ms
GET /apidoc/utils/send_sample_request_utils.js?v=1624504218802 200 3356 - 4.551 ms
GET /apidoc/utils/handlebars_helper.js?v=1624504218802 200 10752 - 2.219 ms
GET /apidoc/vendor/diff_match_patch.min.js?v=1624504218802 200 19192 - 1.254 ms
OPTIONS /vwok/teammate 200 2 - 0.232 ms
OPTIONS /vwok/woklist?uid=f4fb6480-2bd0-11eb-95e3-f54fb34fd803&currentPage=1&limit=13 200 2 - 0.311 ms
OPTIONS /vwok/item/getitem?vwok_id=d0936d60-5e41-11eb-a7d5-a76ace2ef30a 200 2 - 0.283 ms
GET /vwok/item/getitem?vwok_id=d0936d60-5e41-11eb-a7d5-a76ace2ef30a 304 - - 163.059 ms
OPTIONS /vwok/item/getitem?vwok_id=c07c64b0-d3d3-11eb-8e3c-ff7b4e9ab016 200 2 - 0.270 ms
GET /vwok/item/getitem?vwok_id=c07c64b0-d3d3-11eb-8e3c-ff7b4e9ab016 304 - - 31.636 ms
OPTIONS /user/login 200 2 - 0.572 ms
POST /user/login 200 612 - 210.112 ms
OPTIONS /vwok/teammate 200 2 - 0.200 ms
OPTIONS /vwok/woklist?uid=f4fb6480-2bd0-11eb-95e3-f54fb34fd803&currentPage=1&limit=13 200 2 - 0.310 ms
GET /vwok/teammate 304 - - 35.682 ms
GET /vwok/woklist?uid=f4fb6480-2bd0-11eb-95e3-f54fb34fd803&currentPage=1&limit=13 304 - - 65.840 ms
OPTIONS /vwok/item/getitem?vwok_id=d0936d60-5e41-11eb-a7d5-a76ace2ef30a 200 2 - 0.229 ms
GET /vwok/item/getitem?vwok_id=d0936d60-5e41-11eb-a7d5-a76ace2ef30a 304 - - 176.861 ms
